0 info it worked if it ends with ok
1 verbose cli [ '/usr/local/Cellar/node/5.9.1/bin/node',
1 verbose cli   '/usr/local/bin/npm',
1 verbose cli   'install' ]
2 info using npm@3.7.3
3 info using node@v5.9.1
4 silly loadCurrentTree Starting
5 silly install loadCurrentTree
6 silly install readLocalPackageData
7 silly install normalizeTree
8 silly loadCurrentTree Finishing
9 silly loadIdealTree Starting
10 silly install loadIdealTree
11 silly cloneCurrentTree Starting
12 silly install cloneCurrentTreeToIdealTree
13 silly cloneCurrentTree Finishing
14 silly loadShrinkwrap Starting
15 silly install loadShrinkwrap
16 silly loadShrinkwrap Finishing
17 silly loadAllDepsIntoIdealTree Starting
18 silly install loadAllDepsIntoIdealTree
19 silly fetchOtherPackageData bootstrap@file:bootstrap
20 silly cache add args [ 'bootstrap@file:bootstrap', null ]
21 verbose cache add spec bootstrap@file:bootstrap
22 silly cache add parsed spec Result {
22 silly cache add   raw: 'bootstrap@file:bootstrap',
22 silly cache add   scope: null,
22 silly cache add   name: 'bootstrap',
22 silly cache add   rawSpec: 'file:bootstrap',
22 silly cache add   spec: '/Users/admin/Fullstack/tripplanner/bootstrap',
22 silly cache add   type: 'local' }
23 error addLocal Could not install /Users/admin/Fullstack/tripplanner/bootstrap
24 silly fetchPackageMetaData Error: ENOENT: no such file or directory, open '/Users/admin/Fullstack/tripplanner/bootstrap'
24 silly fetchPackageMetaData     at Error (native)
24 silly fetchPackageMetaData  error for bootstrap@file:bootstrap { [Error: ENOENT: no such file or directory, open '/Users/admin/Fullstack/tripplanner/bootstrap']
24 silly fetchPackageMetaData   errno: -2,
24 silly fetchPackageMetaData   code: 'ENOENT',
24 silly fetchPackageMetaData   syscall: 'open',
24 silly fetchPackageMetaData   path: '/Users/admin/Fullstack/tripplanner/bootstrap' }
25 silly rollbackFailedOptional Starting
26 silly rollbackFailedOptional Finishing
27 silly runTopLevelLifecycles Starting
28 silly runTopLevelLifecycles Finishing
29 silly install printInstalled
30 verbose stack Error: ENOENT: no such file or directory, open '/Users/admin/Fullstack/tripplanner/bootstrap'
30 verbose stack     at Error (native)
31 verbose cwd /Users/admin/Fullstack/tripplanner
32 error Darwin 15.4.0
33 error argv "/usr/local/Cellar/node/5.9.1/bin/node" "/usr/local/bin/npm" "install"
34 error node v5.9.1
35 error npm  v3.7.3
36 error path /Users/admin/Fullstack/tripplanner/bootstrap
37 error code ENOENT
38 error errno -2
39 error syscall open
40 error enoent ENOENT: no such file or directory, open '/Users/admin/Fullstack/tripplanner/bootstrap'
41 error enoent ENOENT: no such file or directory, open '/Users/admin/Fullstack/tripplanner/bootstrap'
41 error enoent This is most likely not a problem with npm itself
41 error enoent and is related to npm not being able to find a file.
42 verbose exit [ -2, true ]
